<?xml version="1.0" encoding="UTF-8"?>
<!-- Generated by org.testng.reporters.JUnitReportReporter -->
<testsuite hostname="Mamdouh-PC" failures="0" tests="2" name="Tests.SignUpAndLoginTest" time="13.255" errors="0" timestamp="2022-11-05T19:47:08 EET" skipped="0">
  <testcase classname="Tests.SignUpAndLoginTest" name="Registration" time="6.558"/>
  <system-out/>
  <testcase classname="Tests.SignUpAndLoginTest" name="Login" time="6.697"/>
  <system-out/>
</testsuite> <!-- Tests.SignUpAndLoginTest -->
